2016-11-26 21:00:13.77 server    Microsoft SQL Server  2000 - 8.00.2039 (Intel X86) 
	May  3 2005 23:18:38 
	Copyright (c) 1988-2003 Microsoft Corporation
	Enterprise Edition on Windows NT 5.2 (Build 3790: Service Pack 2)

2016-11-26 21:00:13.79 server    Copyright (C) 1988-2002 Microsoft Corporation.
2016-11-26 21:00:13.79 server    保留所有权利。
2016-11-26 21:00:13.79 server    服务器进程 ID 是 3164。
2016-11-26 21:00:13.79 server    将 SQL Server 消息记录在文件“D:\mud3\GSQL\Log\SQL日志.Log”中。
2016-11-26 21:00:13.85 server    SQL Server 正在以优先级“normal”（已检测到 1 CPU）启动。
2016-11-26 21:00:13.91 server    已为 thread 模式处理而配置了 SQL Server。
2016-11-26 21:00:13.91 server    使用 dynamic 锁分配。[2500] 锁块，[5000] 锁所有者块。
2016-11-26 21:00:14.05 server    尝试初始化分布式事务处理协调器。
2016-11-26 21:00:16.05 spid3     启动数据库“master”。
2016-11-26 21:00:16.16 server    正在使用“SSNETLIB.DLL”版本“8.0.2039”。
2016-11-26 21:00:16.18 server    SQL Server 正在监听 120.24.191.9: 1433。
2016-11-26 21:00:16.18 server    SQL Server 正在监听 10.169.230.47: 1433。
2016-11-26 21:00:16.18 server    SQL Server 正在监听 169.254.25.129: 1433。
2016-11-26 21:00:16.18 server    SQL Server 正在监听 127.0.0.1: 1433。
2016-11-26 21:00:16.18 spid3     服务器名称是“iZhn6ss22e6di3Z”。
2016-11-26 21:00:16.18 spid5     启动数据库“model”。
2016-11-26 21:00:16.18 server    SQL Server 正在监听 TCP, Shared Memory, Named Pipes。
2016-11-26 21:00:16.18 server    SQL Server 已准备好进行客户端连接
2016-11-26 21:00:16.19 spid8     启动数据库“msdb”。
2016-11-26 21:00:16.19 spid9     启动数据库“account”。
2016-11-26 21:00:16.19 spid9     udopen: 创建/打开物理设备 D:\MUD3\GSQL\Data\account.mdf 时发生操作系统错误 2(系统找不到指定的文件。)。
2016-11-26 21:00:16.21 spid9     FCB::Open failed: 未能为虚拟设备号 (VDN) 1 打开设备 D:\MUD3\GSQL\Data\account.mdf。
2016-11-26 21:00:16.21 spid10    启动数据库“conlog”。
2016-11-26 21:00:16.21 spid10    udopen: 创建/打开物理设备 D:\MUD3\GSQL\Data\conlog.mdf 时发生操作系统错误 2(系统找不到指定的文件。)。
2016-11-26 21:00:16.21 spid10    FCB::Open failed: 未能为虚拟设备号 (VDN) 1 打开设备 D:\MUD3\GSQL\Data\conlog.mdf。
2016-11-26 21:00:16.21 spid11    启动数据库“game1”。
2016-11-26 21:00:16.21 spid11    udopen: 创建/打开物理设备 D:\MUD3\GSQL\Data\game1.mdf 时发生操作系统错误 2(系统找不到指定的文件。)。
2016-11-26 21:00:16.23 spid11    FCB::Open failed: 未能为虚拟设备号 (VDN) 1 打开设备 D:\MUD3\GSQL\Data\game1.mdf。
2016-11-26 21:00:16.24 spid9     设备激活错误。物理文件名 'D:\MUD3\GSQL\Data\account.mdf' 可能有误。
2016-11-26 21:00:16.24 spid10    设备激活错误。物理文件名 'D:\MUD3\GSQL\Data\conlog.mdf' 可能有误。
2016-11-26 21:00:16.24 spid11    设备激活错误。物理文件名 'D:\MUD3\GSQL\Data\game1.mdf' 可能有误。
2016-11-26 21:00:16.26 spid9     设备激活错误。物理文件名 'D:\MUD3\GSQL\Data\account_log.LDF' 可能有误。
2016-11-26 21:00:16.26 spid10    设备激活错误。物理文件名 'D:\MUD3\GSQL\Data\conlog_log.LDF' 可能有误。
2016-11-26 21:00:16.26 spid11    设备激活错误。物理文件名 'D:\MUD3\GSQL\Data\game1_log.LDF' 可能有误。
2016-11-26 21:00:16.27 spid9     启动数据库“herocommon1”。
2016-11-26 21:00:16.27 spid9     udopen: 创建/打开物理设备 D:\MUD3\GSQL\Data\herocommon1.mdf 时发生操作系统错误 2(系统找不到指定的文件。)。
2016-11-26 21:00:16.27 spid9     FCB::Open failed: 未能为虚拟设备号 (VDN) 1 打开设备 D:\MUD3\GSQL\Data\herocommon1.mdf。
2016-11-26 21:00:16.27 spid9     设备激活错误。物理文件名 'D:\MUD3\GSQL\Data\herocommon1.mdf' 可能有误。
2016-11-26 21:00:16.27 spid9     设备激活错误。物理文件名 'D:\MUD3\GSQL\Data\herocommon1_log.LDF' 可能有误。
2016-11-26 21:00:16.27 spid10    启动数据库“kingforeiserverbasedata”。
2016-11-26 21:00:16.27 spid10    udopen: 创建/打开物理设备 D:\MUD3\GSQL\Data\kingforeiserverbasedata.mdf 时发生操作系统错误 2(系统找不到指定的文件。)。
2016-11-26 21:00:16.27 spid10    FCB::Open failed: 未能为虚拟设备号 (VDN) 1 打开设备 D:\MUD3\GSQL\Data\kingforeiserverbasedata.mdf。
2016-11-26 21:00:16.27 spid10    设备激活错误。物理文件名 'D:\MUD3\GSQL\Data\kingforeiserverbasedata.mdf' 可能有误。
2016-11-26 21:00:16.27 spid10    设备激活错误。物理文件名 'D:\MUD3\GSQL\Data\kingforeiserverbasedata_log.LDF' 可能有误。
2016-11-26 21:00:16.27 spid11    启动数据库“manage”。
2016-11-26 21:00:16.27 spid11    udopen: 创建/打开物理设备 D:\MUD3\GSQL\Data\manage.mdf 时发生操作系统错误 2(系统找不到指定的文件。)。
2016-11-26 21:00:16.27 spid11    FCB::Open failed: 未能为虚拟设备号 (VDN) 1 打开设备 D:\MUD3\GSQL\Data\manage.mdf。
2016-11-26 21:00:16.27 spid11    设备激活错误。物理文件名 'D:\MUD3\GSQL\Data\manage.mdf' 可能有误。
2016-11-26 21:00:16.27 spid11    设备激活错误。物理文件名 'D:\MUD3\GSQL\Data\manage_log.LDF' 可能有误。
2016-11-26 21:00:16.33 spid5     清除 tempdb 数据库。
2016-11-26 21:00:16.68 spid5     启动数据库“tempdb”。
2016-11-26 21:00:16.76 spid3     恢复完成。
2016-11-26 21:00:18.23 spid51    启动数据库“hero3g”。
2016-11-26 21:00:18.48 spid51    启动数据库“game3g”。
2016-11-26 21:01:57.57 spid51    启动数据库“Account”。
2016-11-26 21:02:05.92 spid51    启动数据库“game3g”。
2016-11-26 21:02:12.06 spid51    启动数据库“hero3g”。
2016-11-27 00:44:40.76 spid72    使用 'xpstar.dll' 版本 '2000.80.2039' 来执行扩展存储过程 'sp_MSgetversion'。
